<?xml version="1.0" encoding="UTF-8" ?>
<testsuite name="Shopping.ShoppingListArrayTest" timestamp="2022-02-05T20:25:39" hostname="LAPTOP-QiongCheng" tests="21" failures="0" errors="0" skipped="0" time="0.11">
  <properties>
[...]
</properties>
  <testcase name="testFind1" classname="Shopping.ShoppingListArrayTest" time="0.001" />
  <testcase name="testFind2" classname="Shopping.ShoppingListArrayTest" time="0.001" />
  <testcase name="testFind3" classname="Shopping.ShoppingListArrayTest" time="0.0" />
  <testcase name="testFind4" classname="Shopping.ShoppingListArrayTest" time="0.001" />
  <testcase name="testAdd1" classname="Shopping.ShoppingListArrayTest" time="0.0" />
  <testcase name="testAdd2" classname="Shopping.ShoppingListArrayTest" time="0.0" />
  <testcase name="testAdd3" classname="Shopping.ShoppingListArrayTest" time="0.0" />
  <testcase name="testSize" classname="Shopping.ShoppingListArrayTest" time="0.001" />
  <testcase name="testAddExpands" classname="Shopping.ShoppingListArrayTest" time="0.0" />
  <testcase name="testContains1" classname="Shopping.ShoppingListArrayTest" time="0.0" />
  <testcase name="testContains2" classname="Shopping.ShoppingListArrayTest" time="0.0" />
  <testcase name="testContains3" classname="Shopping.ShoppingListArrayTest" time="0.0" />
  <testcase name="testContains4" classname="Shopping.ShoppingListArrayTest" time="0.001" />
  <testcase name="testRemove1" classname="Shopping.ShoppingListArrayTest" time="0.0" />
  <testcase name="testRemove2" classname="Shopping.ShoppingListArrayTest" time="0.001" />
  <testcase name="testRemove3" classname="Shopping.ShoppingListArrayTest" time="0.001" />
  <testcase name="testIndexOf1" classname="Shopping.ShoppingListArrayTest" time="0.0" />
  <testcase name="testIndexOf2" classname="Shopping.ShoppingListArrayTest" time="0.001" />
  <testcase name="testIndexOf3" classname="Shopping.ShoppingListArrayTest" time="0.001" />
  <testcase name="testIndexOf4" classname="Shopping.ShoppingListArrayTest" time="0.0" />
  <testcase name="testIsEmpty" classname="Shopping.ShoppingListArrayTest" time="0.0" />
  <system-out><![CDATA[]]></system-out>
  <system-err><![CDATA[]]></system-err>
</testsuite>
